<?xml version="1.0" encoding="UTF-8"?>
<!-- Generated by org.testng.reporters.JUnitReportReporter -->
<testsuite skipped="0" hostname="Diep-Nguyen" name="com.nopcommerce.register.Register_01" tests="1" failures="0" timestamp="19 Jun 2020 09:41:56 GMT" time="1.425" errors="0">
  <testcase name="TC_01_registerWithEmptyData" time="1.425" classname="com.nopcommerce.register.Register_01"/>
</testsuite> <!-- com.nopcommerce.register.Register_01 -->
